{"/Users/mac/Documents/projects/shopping-list/src/App.jsx": {"path":"/Users/mac/Documents/projects/shopping-list/src/App.jsx","statementMap":{"0":{"start":{"line":7,"column":15},"end":{"line":7,"column":32}},"1":{"start":{"line":12,"column":4},"end":{"line":12,"column":17}},"2":{"start":{"line":16,"column":2},"end":{"line":21,"column":4}}},"fnMap":{"0":{"name":"(anonymous_0)","decl":{"start":{"line":11,"column":2},"end":{"line":11,"column":3}},"loc":{"start":{"line":11,"column":21},"end":{"line":13,"column":3}},"line":11},"1":{"name":"(anonymous_1)","decl":{"start":{"line":15,"column":2},"end":{"line":15,"column":3}},"loc":{"start":{"line":15,"column":11},"end":{"line":22,"column":1}},"line":15}},"branchMap":{},"s":{"0":1,"1":1,"2":1},"f":{"0":1,"1":1},"b":{},"_coverageSchema":"43e27e138ebf9cfc5966b082cf9a028302ed4184","hash":"ed2a101e96dfa5dcf98c707159607bc8061ef592"}
,"/Users/mac/Documents/projects/shopping-list/src/actions/shoppingListActions.js": {"path":"/Users/mac/Documents/projects/shopping-list/src/actions/shoppingListActions.js","statementMap":{"0":{"start":{"line":3,"column":26},"end":{"line":8,"column":2}},"1":{"start":{"line":3,"column":38},"end":{"line":8,"column":2}},"2":{"start":{"line":4,"column":3},"end":{"line":7,"column":5}},"3":{"start":{"line":10,"column":23},"end":{"line":15,"column":1}},"4":{"start":{"line":10,"column":34},"end":{"line":15,"column":1}},"5":{"start":{"line":11,"column":2},"end":{"line":14,"column":4}},"6":{"start":{"line":17,"column":24},"end":{"line":21,"column":1}},"7":{"start":{"line":17,"column":30},"end":{"line":21,"column":1}},"8":{"start":{"line":18,"column":2},"end":{"line":20,"column":4}}},"fnMap":{"0":{"name":"(anonymous_0)","decl":{"start":{"line":3,"column":26},"end":{"line":3,"column":27}},"loc":{"start":{"line":3,"column":38},"end":{"line":8,"column":2}},"line":3},"1":{"name":"(anonymous_1)","decl":{"start":{"line":3,"column":38},"end":{"line":3,"column":39}},"loc":{"start":{"line":3,"column":50},"end":{"line":8,"column":2}},"line":3},"2":{"name":"(anonymous_2)","decl":{"start":{"line":10,"column":23},"end":{"line":10,"column":24}},"loc":{"start":{"line":10,"column":34},"end":{"line":15,"column":1}},"line":10},"3":{"name":"(anonymous_3)","decl":{"start":{"line":10,"column":34},"end":{"line":10,"column":35}},"loc":{"start":{"line":10,"column":46},"end":{"line":15,"column":1}},"line":10},"4":{"name":"(anonymous_4)","decl":{"start":{"line":17,"column":24},"end":{"line":17,"column":25}},"loc":{"start":{"line":17,"column":30},"end":{"line":21,"column":1}},"line":17},"5":{"name":"(anonymous_5)","decl":{"start":{"line":17,"column":30},"end":{"line":17,"column":31}},"loc":{"start":{"line":17,"column":42},"end":{"line":21,"column":1}},"line":17}},"branchMap":{},"s":{"0":4,"1":1,"2":1,"3":4,"4":1,"5":1,"6":4,"7":1,"8":1},"f":{"0":1,"1":1,"2":1,"3":1,"4":1,"5":1},"b":{},"_coverageSchema":"43e27e138ebf9cfc5966b082cf9a028302ed4184","hash":"69db22cf9eeada83e320174638f35df35eaf7914"}
,"/Users/mac/Documents/projects/shopping-list/src/components/shoppingHeader/shoppingHeader.jsx": {"path":"/Users/mac/Documents/projects/shopping-list/src/components/shoppingHeader/shoppingHeader.jsx","statementMap":{"0":{"start":{"line":4,"column":15},"end":{"line":4,"column":32}},"1":{"start":{"line":9,"column":4},"end":{"line":17,"column":6}}},"fnMap":{"0":{"name":"(anonymous_0)","decl":{"start":{"line":8,"column":2},"end":{"line":8,"column":3}},"loc":{"start":{"line":8,"column":11},"end":{"line":18,"column":3}},"line":8}},"branchMap":{},"s":{"0":2,"1":1},"f":{"0":1},"b":{},"_coverageSchema":"43e27e138ebf9cfc5966b082cf9a028302ed4184","hash":"16325dc195bac4ad4357776f3d01a7130e0bc1e0"}
,"/Users/mac/Documents/projects/shopping-list/src/components/shoppingInput/shoppingInput.jsx": {"path":"/Users/mac/Documents/projects/shopping-list/src/components/shoppingInput/shoppingInput.jsx","statementMap":{"0":{"start":{"line":11,"column":4},"end":{"line":11,"column":17}},"1":{"start":{"line":13,"column":4},"end":{"line":18,"column":5}},"2":{"start":{"line":20,"column":4},"end":{"line":20,"column":45}},"3":{"start":{"line":21,"column":4},"end":{"line":21,"column":51}},"4":{"start":{"line":22,"column":4},"end":{"line":22,"column":47}},"5":{"start":{"line":27,"column":4},"end":{"line":29,"column":3}},"6":{"start":{"line":28,"column":4},"end":{"line":28,"column":26}},"7":{"start":{"line":31,"column":4},"end":{"line":33,"column":6}},"8":{"start":{"line":37,"column":4},"end":{"line":37,"column":27}},"9":{"start":{"line":38,"column":4},"end":{"line":38,"column":44}},"10":{"start":{"line":43,"column":4},"end":{"line":43,"column":27}},"11":{"start":{"line":45,"column":18},"end":{"line":49,"column":5}},"12":{"start":{"line":51,"column":4},"end":{"line":51,"column":30}},"13":{"start":{"line":56,"column":4},"end":{"line":60,"column":5}},"14":{"start":{"line":64,"column":4},"end":{"line":66,"column":5}},"15":{"start":{"line":70,"column":4},"end":{"line":116,"column":6}},"16":{"start":{"line":120,"column":24},"end":{"line":124,"column":2}},"17":{"start":{"line":120,"column":34},"end":{"line":124,"column":1}}},"fnMap":{"0":{"name":"(anonymous_0)","decl":{"start":{"line":10,"column":2},"end":{"line":10,"column":3}},"loc":{"start":{"line":10,"column":21},"end":{"line":24,"column":3}},"line":10},"1":{"name":"(anonymous_1)","decl":{"start":{"line":26,"column":2},"end":{"line":26,"column":3}},"loc":{"start":{"line":26,"column":22},"end":{"line":29,"column":4}},"line":26},"2":{"name":"(anonymous_2)","decl":{"start":{"line":30,"column":2},"end":{"line":30,"column":3}},"loc":{"start":{"line":30,"column":18},"end":{"line":34,"column":3}},"line":30},"3":{"name":"(anonymous_3)","decl":{"start":{"line":36,"column":2},"end":{"line":36,"column":3}},"loc":{"start":{"line":36,"column":21},"end":{"line":40,"column":3}},"line":36},"4":{"name":"(anonymous_4)","decl":{"start":{"line":42,"column":2},"end":{"line":42,"column":3}},"loc":{"start":{"line":42,"column":18},"end":{"line":53,"column":3}},"line":42},"5":{"name":"(anonymous_5)","decl":{"start":{"line":55,"column":2},"end":{"line":55,"column":3}},"loc":{"start":{"line":55,"column":23},"end":{"line":61,"column":3}},"line":55},"6":{"name":"(anonymous_6)","decl":{"start":{"line":63,"column":2},"end":{"line":63,"column":3}},"loc":{"start":{"line":63,"column":36},"end":{"line":67,"column":3}},"line":63},"7":{"name":"(anonymous_7)","decl":{"start":{"line":69,"column":2},"end":{"line":69,"column":3}},"loc":{"start":{"line":69,"column":11},"end":{"line":117,"column":3}},"line":69},"8":{"name":"(anonymous_8)","decl":{"start":{"line":120,"column":24},"end":{"line":120,"column":25}},"loc":{"start":{"line":120,"column":34},"end":{"line":124,"column":1}},"line":120}},"branchMap":{"0":{"loc":{"start":{"line":27,"column":4},"end":{"line":29,"column":3}},"type":"if","locations":[{"start":{"line":27,"column":4},"end":{"line":29,"column":3}},{"start":{"line":27,"column":4},"end":{"line":29,"column":3}}],"line":27},"1":{"loc":{"start":{"line":81,"column":22},"end":{"line":81,"column":61}},"type":"binary-expr","locations":[{"start":{"line":81,"column":22},"end":{"line":81,"column":40}},{"start":{"line":81,"column":44},"end":{"line":81,"column":61}}],"line":81},"2":{"loc":{"start":{"line":110,"column":29},"end":{"line":110,"column":51}},"type":"binary-expr","locations":[{"start":{"line":110,"column":29},"end":{"line":110,"column":46}},{"start":{"line":110,"column":50},"end":{"line":110,"column":51}}],"line":110}},"s":{"0":1,"1":1,"2":1,"3":1,"4":1,"5":1,"6":1,"7":2,"8":0,"9":0,"10":0,"11":0,"12":0,"13":3,"14":3,"15":3,"16":2,"17":0},"f":{"0":1,"1":1,"2":2,"3":0,"4":0,"5":3,"6":3,"7":3,"8":0},"b":{"0":[1,0],"1":[3,2],"2":[3,0]},"_coverageSchema":"43e27e138ebf9cfc5966b082cf9a028302ed4184","hash":"9bcec3058d98a8de64008e9a10732705f91d75c6"}
,"/Users/mac/Documents/projects/shopping-list/src/components/shoppingInput/vvv.js": {"path":"/Users/mac/Documents/projects/shopping-list/src/components/shoppingInput/vvv.js","statementMap":{"0":{"start":{"line":8,"column":0},"end":{"line":8,"column":38}},"1":{"start":{"line":10,"column":0},"end":{"line":66,"column":3}},"2":{"start":{"line":11,"column":14},"end":{"line":11,"column":23}},"3":{"start":{"line":12,"column":2},"end":{"line":14,"column":5}},"4":{"start":{"line":13,"column":4},"end":{"line":13,"column":46}},"5":{"start":{"line":15,"column":2},"end":{"line":17,"column":5}},"6":{"start":{"line":16,"column":4},"end":{"line":16,"column":20}},"7":{"start":{"line":18,"column":16},"end":{"line":27,"column":3}},"8":{"start":{"line":26,"column":31},"end":{"line":26,"column":48}},"9":{"start":{"line":28,"column":20},"end":{"line":28,"column":55}},"10":{"start":{"line":30,"column":2},"end":{"line":32,"column":5}},"11":{"start":{"line":31,"column":4},"end":{"line":31,"column":42}},"12":{"start":{"line":33,"column":2},"end":{"line":36,"column":5}},"13":{"start":{"line":34,"column":4},"end":{"line":34,"column":82}},"14":{"start":{"line":35,"column":4},"end":{"line":35,"column":57}},"15":{"start":{"line":37,"column":2},"end":{"line":44,"column":5}},"16":{"start":{"line":38,"column":4},"end":{"line":38,"column":52}},"17":{"start":{"line":39,"column":4},"end":{"line":39,"column":82}},"18":{"start":{"line":40,"column":4},"end":{"line":40,"column":89}},"19":{"start":{"line":41,"column":4},"end":{"line":41,"column":82}},"20":{"start":{"line":42,"column":4},"end":{"line":42,"column":60}},"21":{"start":{"line":43,"column":4},"end":{"line":43,"column":74}},"22":{"start":{"line":46,"column":2},"end":{"line":65,"column":5}},"23":{"start":{"line":47,"column":29},"end":{"line":49,"column":5}},"24":{"start":{"line":50,"column":4},"end":{"line":53,"column":7}},"25":{"start":{"line":54,"column":41},"end":{"line":56,"column":5}},"26":{"start":{"line":57,"column":22},"end":{"line":62,"column":5}},"27":{"start":{"line":63,"column":4},"end":{"line":63,"column":69}},"28":{"start":{"line":64,"column":4},"end":{"line":64,"column":60}}},"fnMap":{"0":{"name":"(anonymous_0)","decl":{"start":{"line":10,"column":35},"end":{"line":10,"column":36}},"loc":{"start":{"line":10,"column":41},"end":{"line":66,"column":1}},"line":10},"1":{"name":"(anonymous_1)","decl":{"start":{"line":12,"column":13},"end":{"line":12,"column":14}},"loc":{"start":{"line":12,"column":19},"end":{"line":14,"column":3}},"line":12},"2":{"name":"(anonymous_2)","decl":{"start":{"line":15,"column":12},"end":{"line":15,"column":13}},"loc":{"start":{"line":15,"column":18},"end":{"line":17,"column":3}},"line":15},"3":{"name":"(anonymous_3)","decl":{"start":{"line":26,"column":25},"end":{"line":26,"column":26}},"loc":{"start":{"line":26,"column":31},"end":{"line":26,"column":48}},"line":26},"4":{"name":"(anonymous_4)","decl":{"start":{"line":30,"column":32},"end":{"line":30,"column":33}},"loc":{"start":{"line":30,"column":38},"end":{"line":32,"column":3}},"line":30},"5":{"name":"(anonymous_5)","decl":{"start":{"line":33,"column":58},"end":{"line":33,"column":59}},"loc":{"start":{"line":33,"column":64},"end":{"line":36,"column":3}},"line":33},"6":{"name":"(anonymous_6)","decl":{"start":{"line":37,"column":59},"end":{"line":37,"column":60}},"loc":{"start":{"line":37,"column":65},"end":{"line":44,"column":3}},"line":37},"7":{"name":"(anonymous_7)","decl":{"start":{"line":41,"column":70},"end":{"line":41,"column":71}},"loc":{"start":{"line":41,"column":76},"end":{"line":41,"column":78}},"line":41},"8":{"name":"(anonymous_8)","decl":{"start":{"line":46,"column":58},"end":{"line":46,"column":59}},"loc":{"start":{"line":46,"column":64},"end":{"line":65,"column":3}},"line":46}},"branchMap":{},"s":{"0":0,"1":0,"2":0,"3":0,"4":0,"5":0,"6":0,"7":0,"8":0,"9":0,"10":0,"11":0,"12":0,"13":0,"14":0,"15":0,"16":0,"17":0,"18":0,"19":0,"20":0,"21":0,"22":0,"23":0,"24":0,"25":0,"26":0,"27":0,"28":0},"f":{"0":0,"1":0,"2":0,"3":0,"4":0,"5":0,"6":0,"7":0,"8":0},"b":{},"hash":"be7c866433d5391ff955c125c98187a9791b65d3"}
,"/Users/mac/Documents/projects/shopping-list/src/reducers/shoppingListReducer.js": {"path":"/Users/mac/Documents/projects/shopping-list/src/reducers/shoppingListReducer.js","statementMap":{"0":{"start":{"line":1,"column":19},"end":{"line":4,"column":1}},"1":{"start":{"line":6,"column":2},"end":{"line":23,"column":3}},"2":{"start":{"line":8,"column":4},"end":{"line":11,"column":5}},"3":{"start":{"line":14,"column":19},"end":{"line":14,"column":29}},"4":{"start":{"line":15,"column":5},"end":{"line":15,"column":41}},"5":{"start":{"line":16,"column":5},"end":{"line":16,"column":20}},"6":{"start":{"line":19,"column":5},"end":{"line":19,"column":23}},"7":{"start":{"line":22,"column":4},"end":{"line":22,"column":16}}},"fnMap":{"0":{"name":"(anonymous_0)","decl":{"start":{"line":5,"column":15},"end":{"line":5,"column":16}},"loc":{"start":{"line":5,"column":49},"end":{"line":24,"column":2}},"line":5}},"branchMap":{"0":{"loc":{"start":{"line":5,"column":16},"end":{"line":5,"column":36}},"type":"default-arg","locations":[{"start":{"line":5,"column":24},"end":{"line":5,"column":36}}],"line":5},"1":{"loc":{"start":{"line":6,"column":2},"end":{"line":23,"column":3}},"type":"switch","locations":[{"start":{"line":7,"column":3},"end":{"line":11,"column":5}},{"start":{"line":13,"column":3},"end":{"line":16,"column":20}},{"start":{"line":18,"column":3},"end":{"line":19,"column":23}},{"start":{"line":21,"column":3},"end":{"line":22,"column":16}}],"line":6}},"s":{"0":1,"1":4,"2":1,"3":1,"4":1,"5":1,"6":1,"7":1},"f":{"0":4},"b":{"0":[4],"1":[1,1,1,1]},"_coverageSchema":"43e27e138ebf9cfc5966b082cf9a028302ed4184","hash":"699ea1704c9e751d4971a9670a385c4b948960cc"}
}
